0 info it worked if it ends with ok
1 verbose cli [ '/usr/bin/node', '/usr/sbin/npm', 'run', 'test' ]
2 info using npm@3.5.1
3 info using node@v5.1.1
4 verbose run-script [ 'pretest', 'test', 'posttest' ]
5 info lifecycle drs-node@0.1.44~pretest: drs-node@0.1.44
6 silly lifecycle drs-node@0.1.44~pretest: no script for pretest, continuing
7 info lifecycle drs-node@0.1.44~test: drs-node@0.1.44
8 verbose lifecycle drs-node@0.1.44~test: unsafe-perm in lifecycle true
9 verbose lifecycle drs-node@0.1.44~test: PATH: /usr/lib/node_modules/npm/bin/node-gyp-bin:/home/dax/dev/go/src/github.com/ironbay/drs/drs-node/node_modules/.bin:/usr/local/sbin:/usr/local/bin:/usr/sbin:/usr/bin:/sbin:/bin:/usr/games:/usr/local/games:/usr/local/go/bin:/usr/lib/jvm/java-7-oracle/bin:/usr/lib/jvm/java-7-oracle/db/bin:/usr/lib/jvm/java-7-oracle/jre/bin:/usr/local/go/bin:/opt/go/bin:/home/dharun/dev/go/bin:/opt/bin:/opt/node:/usr/local/go/bin:/usr/lib/jvm/java-7-oracle/bin:/usr/lib/jvm/java-7-oracle/db/bin:/usr/lib/jvm/java-7-oracle/jre/bin:/usr/local/go/bin:/opt/go/bin:/home/dharun/dev/go/bin:/opt/bin:/opt/node:/opt/go/bin:/home/dax/dev/go/bin:/opt/bin:/opt/node:/home/dax/.boot2docker/:/home/dax/dev/script
10 verbose lifecycle drs-node@0.1.44~test: CWD: /home/dax/dev/go/src/github.com/ironbay/drs/drs-node
11 silly lifecycle drs-node@0.1.44~test: Args: [ '-c', 'babel-node src/test' ]
12 silly lifecycle drs-node@0.1.44~test: Returned: code: 1  signal: null
13 info lifecycle drs-node@0.1.44~test: Failed to exec test script
14 verbose stack Error: drs-node@0.1.44 test: `babel-node src/test`
14 verbose stack Exit status 1
14 verbose stack     at EventEmitter.<anonymous> (/usr/lib/node_modules/npm/lib/utils/lifecycle.js:232:16)
14 verbose stack     at emitTwo (events.js:87:13)
14 verbose stack     at EventEmitter.emit (events.js:172:7)
14 verbose stack     at ChildProcess.<anonymous> (/usr/lib/node_modules/npm/lib/utils/spawn.js:24:14)
14 verbose stack     at emitTwo (events.js:87:13)
14 verbose stack     at ChildProcess.emit (events.js:172:7)
14 verbose stack     at maybeClose (internal/child_process.js:818:16)
14 verbose stack     at Process.ChildProcess._handle.onexit (internal/child_process.js:211:5)
15 verbose pkgid drs-node@0.1.44
16 verbose cwd /home/dax/dev/go/src/github.com/ironbay/drs/drs-node
17 error Linux 4.2.5-1-ARCH
18 error argv "/usr/bin/node" "/usr/sbin/npm" "run" "test"
19 error node v5.1.1
20 error npm  v3.5.1
21 error code ELIFECYCLE
22 error drs-node@0.1.44 test: `babel-node src/test`
22 error Exit status 1
23 error Failed at the drs-node@0.1.44 test script 'babel-node src/test'.
23 error Make sure you have the latest version of node.js and npm installed.
23 error If you do, this is most likely a problem with the drs-node package,
23 error not with npm itself.
23 error Tell the author that this fails on your system:
23 error     babel-node src/test
23 error You can get information on how to open an issue for this project with:
23 error     npm bugs drs-node
23 error Or if that isn't available, you can get their info via:
23 error     npm owner ls drs-node
23 error There is likely additional logging output above.
24 verbose exit [ 1, true ]
